[INFO  - 2019-11-18T09:23:20.896Z] GhostDriver - Main - running on port 43190
[INFO  - 2019-11-18T09:23:21.604Z] Session [106cd4b0-09e5-11ea-a2f9-b34f6fafde14] - page.settings - {"XSSAuditingEnabled":false,"javascriptCanCloseWindows":true,"javascriptCanOpenWindows":true,"javascriptEnabled":true,"loadImages":true,"localToRemoteUrlAccessEnabled":false,"userAgent":"Mozilla/5.0 (Windows NT 6.2; WOW64) AppleWebKit/538.1 (KHTML, like Gecko) PhantomJS/2.1.1 Safari/538.1","webSecurityEnabled":true}
[INFO  - 2019-11-18T09:23:21.605Z] Session [106cd4b0-09e5-11ea-a2f9-b34f6fafde14] - page.customHeaders:  - {}
[INFO  - 2019-11-18T09:23:21.605Z] Session [106cd4b0-09e5-11ea-a2f9-b34f6fafde14] - Session.negotiatedCapabilities - {"browserName":"phantomjs","version":"2.1.1","driverName":"ghostdriver","driverVersion":"1.2.0","platform":"windows-10-32bit","javascriptEnabled":true,"takesScreenshot":true,"handlesAlerts":false,"databaseEnabled":false,"locationContextEnabled":false,"applicationCacheEnabled":false,"browserConnectionEnabled":false,"cssSelectorsEnabled":true,"webStorageEnabled":false,"rotatable":false,"acceptSslCerts":false,"nativeEvents":true,"proxy":{"proxyType":"direct"}}
[INFO  - 2019-11-18T09:23:21.605Z] SessionManagerReqHand - _postNewSessionCommand - New Session Created: 106cd4b0-09e5-11ea-a2f9-b34f6fafde14
[ERROR - 2019-11-18T09:23:25.044Z] Session [106cd4b0-09e5-11ea-a2f9-b34f6fafde14] - page.onError - msg: ReferenceError: Can't find variable: c
[ERROR - 2019-11-18T09:23:25.044Z] Session [106cd4b0-09e5-11ea-a2f9-b34f6fafde14] - page.onError - stack:
  sendLog (https://ss1.bdstatic.com/5eN1bjq8AAUYm2zgoY3K/r/www/cache/static/protocol/https/plugins/every_cookie_4644b13.js:4)
  (anonymous function) (https://ss1.bdstatic.com/5eN1bjq8AAUYm2zgoY3K/r/www/cache/static/protocol/https/plugins/every_cookie_4644b13.js:5)
[INFO  - 2019-11-18T09:23:28.613Z] ShutdownReqHand - _handle - About to shutdown
[INFO  - 2019-11-18T09:25:10.953Z] GhostDriver - Main - running on port 47544
[INFO  - 2019-11-18T09:25:11.336Z] Session [51d51020-09e5-11ea-b487-e94b3d88ce2e] - page.settings - {"XSSAuditingEnabled":false,"javascriptCanCloseWindows":true,"javascriptCanOpenWindows":true,"javascriptEnabled":true,"loadImages":true,"localToRemoteUrlAccessEnabled":false,"userAgent":"Mozilla/5.0 (Windows NT 6.2; WOW64) AppleWebKit/538.1 (KHTML, like Gecko) PhantomJS/2.1.1 Safari/538.1","webSecurityEnabled":true}
[INFO  - 2019-11-18T09:25:11.336Z] Session [51d51020-09e5-11ea-b487-e94b3d88ce2e] - page.customHeaders:  - {}
[INFO  - 2019-11-18T09:25:11.336Z] Session [51d51020-09e5-11ea-b487-e94b3d88ce2e] - Session.negotiatedCapabilities - {"browserName":"phantomjs","version":"2.1.1","driverName":"ghostdriver","driverVersion":"1.2.0","platform":"windows-10-32bit","javascriptEnabled":true,"takesScreenshot":true,"handlesAlerts":false,"databaseEnabled":false,"locationContextEnabled":false,"applicationCacheEnabled":false,"browserConnectionEnabled":false,"cssSelectorsEnabled":true,"webStorageEnabled":false,"rotatable":false,"acceptSslCerts":false,"nativeEvents":true,"proxy":{"proxyType":"direct"}}
[INFO  - 2019-11-18T09:25:11.337Z] SessionManagerReqHand - _postNewSessionCommand - New Session Created: 51d51020-09e5-11ea-b487-e94b3d88ce2e
[INFO  - 2019-11-18T09:25:16.441Z] ShutdownReqHand - _handle - About to shutdown
[INFO  - 2019-11-18T09:25:48.112Z] GhostDriver - Main - running on port 20585
[INFO  - 2019-11-18T09:25:48.649Z] Session [68124510-09e5-11ea-8a54-ef3e1932e7a1] - page.settings - {"XSSAuditingEnabled":false,"javascriptCanCloseWindows":true,"javascriptCanOpenWindows":true,"javascriptEnabled":true,"loadImages":true,"localToRemoteUrlAccessEnabled":false,"userAgent":"Mozilla/5.0 (Windows NT 6.2; WOW64) AppleWebKit/538.1 (KHTML, like Gecko) PhantomJS/2.1.1 Safari/538.1","webSecurityEnabled":true}
[INFO  - 2019-11-18T09:25:48.649Z] Session [68124510-09e5-11ea-8a54-ef3e1932e7a1] - page.customHeaders:  - {}
[INFO  - 2019-11-18T09:25:48.649Z] Session [68124510-09e5-11ea-8a54-ef3e1932e7a1] - Session.negotiatedCapabilities - {"browserName":"phantomjs","version":"2.1.1","driverName":"ghostdriver","driverVersion":"1.2.0","platform":"windows-10-32bit","javascriptEnabled":true,"takesScreenshot":true,"handlesAlerts":false,"databaseEnabled":false,"locationContextEnabled":false,"applicationCacheEnabled":false,"browserConnectionEnabled":false,"cssSelectorsEnabled":true,"webStorageEnabled":false,"rotatable":false,"acceptSslCerts":false,"nativeEvents":true,"proxy":{"proxyType":"direct"}}
[INFO  - 2019-11-18T09:25:48.649Z] SessionManagerReqHand - _postNewSessionCommand - New Session Created: 68124510-09e5-11ea-8a54-ef3e1932e7a1
[INFO  - 2019-11-18T09:25:56.920Z] ShutdownReqHand - _handle - About to shutdown
[INFO  - 2019-11-18T09:27:11.124Z] GhostDriver - Main - running on port 39945
[INFO  - 2019-11-18T09:27:11.769Z] Session [999dae30-09e5-11ea-b7d3-d38f9c5bd8c6] - page.settings - {"XSSAuditingEnabled":false,"javascriptCanCloseWindows":true,"javascriptCanOpenWindows":true,"javascriptEnabled":true,"loadImages":true,"localToRemoteUrlAccessEnabled":false,"userAgent":"Mozilla/5.0 (Windows NT 6.2; WOW64) AppleWebKit/538.1 (KHTML, like Gecko) PhantomJS/2.1.1 Safari/538.1","webSecurityEnabled":true}
[INFO  - 2019-11-18T09:27:11.769Z] Session [999dae30-09e5-11ea-b7d3-d38f9c5bd8c6] - page.customHeaders:  - {}
[INFO  - 2019-11-18T09:27:11.769Z] Session [999dae30-09e5-11ea-b7d3-d38f9c5bd8c6] - Session.negotiatedCapabilities - {"browserName":"phantomjs","version":"2.1.1","driverName":"ghostdriver","driverVersion":"1.2.0","platform":"windows-10-32bit","javascriptEnabled":true,"takesScreenshot":true,"handlesAlerts":false,"databaseEnabled":false,"locationContextEnabled":false,"applicationCacheEnabled":false,"browserConnectionEnabled":false,"cssSelectorsEnabled":true,"webStorageEnabled":false,"rotatable":false,"acceptSslCerts":false,"nativeEvents":true,"proxy":{"proxyType":"direct"}}
[INFO  - 2019-11-18T09:27:11.769Z] SessionManagerReqHand - _postNewSessionCommand - New Session Created: 999dae30-09e5-11ea-b7d3-d38f9c5bd8c6
[INFO  - 2019-11-18T09:27:20.007Z] ShutdownReqHand - _handle - About to shutdown
